# JRE version: OpenJDK Runtime Environment Temurin-17.0.7+7 (17.0.7+7) (build 17.0.7+7)
# Java VM: OpenJDK 64-Bit Server VM Temurin-17.0.7+7 (17.0.7+7, mixed mode, emulated-client, tiered, compressed oops, compressed class ptrs, g1 gc, windows-amd64)
GC Precious Log:
 CPUs: 8 total, 8 available
 Memory: 8029M
 Large Page Support: Disabled
 NUMA Support: Disabled
 Compressed Oops: Enabled (32-bit)
 Heap Region Size: 1M
 Heap Min Capacity: 8M
 Heap Initial Capacity: 126M
 Heap Max Capacity: 1G
 Pre-touch: Disabled
 Parallel Workers: 8
 Concurrent Workers: 2
 Concurrent Refinement Workers: 8
 Periodic GC: Disabled
Heap:
 garbage-first heap   total 65536K, used 18239K [0x00000000c0000000, 0x0000000100000000)
  region size 1024K, 1 young (1024K), 0 survivors (0K)
 Metaspace       used 37058K, committed 37568K, reserved 1114112K
  class space    used 4793K, committed 4992K, reserved 1048576K
GC Heap History (20 events):
Event: 4147.803 GC heap before
{Heap before GC invocations=414 (full 403):
 garbage-first heap   total 65536K, used 18239K [0x00000000c0000000, 0x0000000100000000)
  region size 1024K, 1 young (1024K), 0 survivors (0K)
 Metaspace       used 37058K, committed 37568K, reserved 1114112K
  class space    used 4793K, committed 4992K, reserved 1048576K
}
Event: 4147.819 GC heap after
{Heap after GC invocations=415 (full 404):
 garbage-first heap   total 65536K, used 18239K [0x00000000c0000000, 0x0000000100000000)
  region size 1024K, 0 young (0K), 0 survivors (0K)
 Metaspace       used 37058K, committed 37568K, reserved 1114112K
  class space    used 4793K, committed 4992K, reserved 1048576K
}
Event: 4157.931 GC heap before
{Heap before GC invocations=415 (full 404):
 garbage-first heap   total 65536K, used 18239K [0x00000000c0000000, 0x0000000100000000)
  region size 1024K, 1 young (1024K), 0 survivors (0K)
 Metaspace       used 37058K, committed 37568K, reserved 1114112K
  class space    used 4793K, committed 4992K, reserved 1048576K
}
Event: 4157.947 GC heap after
{Heap after GC invocations=416 (full 405):
 garbage-first heap   total 65536K, used 18239K [0x00000000c0000000, 0x0000000100000000)
  region size 1024K, 0 young (0K), 0 survivors (0K)
 Metaspace       used 37058K, committed 37568K, reserved 1114112K
  class space    used 4793K, committed 4992K, reserved 1048576K
}
Event: 4168.067 GC heap before
{Heap before GC invocations=416 (full 405):
 garbage-first heap   total 65536K, used 18239K [0x00000000c0000000, 0x0000000100000000)
  region size 1024K, 1 young (1024K), 0 survivors (0K)
 Metaspace       used 37058K, committed 37568K, reserved 1114112K
  class space    used 4793K, committed 4992K, reserved 1048576K
}
Event: 4168.087 GC heap after
{Heap after GC invocations=417 (full 406):
 garbage-first heap   total 65536K, used 18239K [0x00000000c0000000, 0x0000000100000000)
  region size 1024K, 0 young (0K), 0 survivors (0K)
 Metaspace       used 37058K, committed 37568K, reserved 1114112K
  class space    used 4793K, committed 4992K, reserved 1048576K
}
Event: 4178.196 GC heap before
{Heap before GC invocations=417 (full 406):
 garbage-first heap   total 65536K, used 18239K [0x00000000c0000000, 0x0000000100000000)
  region size 1024K, 1 young (1024K), 0 survivors (0K)
 Metaspace       used 37058K, committed 37568K, reserved 1114112K
  class space    used 4793K, committed 4992K, reserved 1048576K
}
Event: 4178.215 GC heap after
{Heap after GC invocations=418 (full 407):
 garbage-first heap   total 65536K, used 18239K [0x00000000c0000000, 0x0000000100000000)
  region size 1024K, 0 young (0K), 0 survivors (0K)
 Metaspace       used 37058K, committed 37568K, reserved 1114112K
  class space    used 4793K, committed 4992K, reserved 1048576K
}
Event: 4188.326 GC heap before
{Heap before GC invocations=418 (full 407):
 garbage-first heap   total 65536K, used 18239K [0x00000000c0000000, 0x0000000100000000)
  region size 1024K, 1 young (1024K), 0 survivors (0K)
 Metaspace       used 37058K, committed 37568K, reserved 1114112K
  class space    used 4793K, committed 4992K, reserved 1048576K
}
Event: 4188.343 GC heap after
{Heap after GC invocations=419 (full 408):
 garbage-first heap   total 65536K, used 18239K [0x00000000c0000000, 0x0000000100000000)
  region size 1024K, 0 young (0K), 0 survivors (0K)
 Metaspace       used 37058K, committed 37568K, reserved 1114112K
  class space    used 4793K, committed 4992K, reserved 1048576K
}
Event: 4198.461 GC heap before
{Heap before GC invocations=419 (full 408):
 garbage-first heap   total 65536K, used 18239K [0x00000000c0000000, 0x0000000100000000)
  region size 1024K, 1 young (1024K), 0 survivors (0K)
 Metaspace       used 37058K, committed 37568K, reserved 1114112K
  class space    used 4793K, committed 4992K, reserved 1048576K
}
Event: 4198.482 GC heap after
{Heap after GC invocations=420 (full 409):
 garbage-first heap   total 65536K, used 18239K [0x00000000c0000000, 0x0000000100000000)
  region size 1024K, 0 young (0K), 0 survivors (0K)
 Metaspace       used 37058K, committed 37568K, reserved 1114112K
  class space    used 4793K, committed 4992K, reserved 1048576K
}
Event: 4208.593 GC heap before
{Heap before GC invocations=420 (full 409):
 garbage-first heap   total 65536K, used 18239K [0x00000000c0000000, 0x0000000100000000)
  region size 1024K, 1 young (1024K), 0 survivors (0K)
 Metaspace       used 37058K, committed 37568K, reserved 1114112K
  class space    used 4793K, committed 4992K, reserved 1048576K
}
Event: 4208.609 GC heap after
{Heap after GC invocations=421 (full 410):
 garbage-first heap   total 65536K, used 18239K [0x00000000c0000000, 0x0000000100000000)
  region size 1024K, 0 young (0K), 0 survivors (0K)
 Metaspace       used 37058K, committed 37568K, reserved 1114112K
  class space    used 4793K, committed 4992K, reserved 1048576K
}
Event: 4218.728 GC heap before
{Heap before GC invocations=421 (full 410):
 garbage-first heap   total 65536K, used 18239K [0x00000000c0000000, 0x0000000100000000)
  region size 1024K, 1 young (1024K), 0 survivors (0K)
 Metaspace       used 37058K, committed 37568K, reserved 1114112K
  class space    used 4793K, committed 4992K, reserved 1048576K
}
Event: 4218.749 GC heap after
{Heap after GC invocations=422 (full 411):
 garbage-first heap   total 65536K, used 18239K [0x00000000c0000000, 0x0000000100000000)
  region size 1024K, 0 young (0K), 0 survivors (0K)
 Metaspace       used 37058K, committed 37568K, reserved 1114112K
  class space    used 4793K, committed 4992K, reserved 1048576K
}
Event: 4228.870 GC heap before
{Heap before GC invocations=422 (full 411):
 garbage-first heap   total 65536K, used 18239K [0x00000000c0000000, 0x0000000100000000)
  region size 1024K, 1 young (1024K), 0 survivors (0K)
 Metaspace       used 37058K, committed 37568K, reserved 1114112K
  class space    used 4793K, committed 4992K, reserved 1048576K
}
Event: 4228.888 GC heap after
{Heap after GC invocations=423 (full 412):
 garbage-first heap   total 65536K, used 18239K [0x00000000c0000000, 0x0000000100000000)
  region size 1024K, 0 young (0K), 0 survivors (0K)
 Metaspace       used 37058K, committed 37568K, reserved 1114112K
  class space    used 4793K, committed 4992K, reserved 1048576K
}
Event: 4239.048 GC heap before
{Heap before GC invocations=423 (full 412):
 garbage-first heap   total 65536K, used 18239K [0x00000000c0000000, 0x0000000100000000)
  region size 1024K, 1 young (1024K), 0 survivors (0K)
 Metaspace       used 37058K, committed 37568K, reserved 1114112K
  class space    used 4793K, committed 4992K, reserved 1048576K
}
Event: 4239.082 GC heap after
{Heap after GC invocations=424 (full 413):
 garbage-first heap   total 65536K, used 18239K [0x00000000c0000000, 0x0000000100000000)
  region size 1024K, 0 young (0K), 0 survivors (0K)
 Metaspace       used 37058K, committed 37568K, reserved 1114112K
  class space    used 4793K, committed 4992K, reserved 1048576K
}

