# JRE version: OpenJDK Runtime Environment Temurin-17.0.7+7 (17.0.7+7) (build 17.0.7+7)
# Java VM: OpenJDK 64-Bit Server VM Temurin-17.0.7+7 (17.0.7+7, mixed mode, emulated-client, tiered, compressed oops, compressed class ptrs, g1 gc, windows-amd64)
GC Precious Log:
 CPUs: 8 total, 8 available
 Memory: 8029M
 Large Page Support: Disabled
 NUMA Support: Disabled
 Compressed Oops: Enabled (32-bit)
 Heap Region Size: 1M
 Heap Min Capacity: 8M
 Heap Initial Capacity: 126M
 Heap Max Capacity: 1G
 Pre-touch: Disabled
 Parallel Workers: 8
 Concurrent Workers: 2
 Concurrent Refinement Workers: 8
 Periodic GC: Disabled
Heap:
 garbage-first heap   total 65536K, used 18311K [0x00000000c0000000, 0x0000000100000000)
  region size 1024K, 1 young (1024K), 0 survivors (0K)
 Metaspace       used 37061K, committed 37568K, reserved 1114112K
  class space    used 4796K, committed 4992K, reserved 1048576K
GC Heap History (20 events):
Event: 3057.379 GC heap before
{Heap before GC invocations=305 (full 296):
 garbage-first heap   total 65536K, used 18311K [0x00000000c0000000, 0x0000000100000000)
  region size 1024K, 1 young (1024K), 0 survivors (0K)
 Metaspace       used 37061K, committed 37568K, reserved 1114112K
  class space    used 4796K, committed 4992K, reserved 1048576K
}
Event: 3057.395 GC heap after
{Heap after GC invocations=306 (full 297):
 garbage-first heap   total 65536K, used 18311K [0x00000000c0000000, 0x0000000100000000)
  region size 1024K, 0 young (0K), 0 survivors (0K)
 Metaspace       used 37061K, committed 37568K, reserved 1114112K
  class space    used 4796K, committed 4992K, reserved 1048576K
}
Event: 3067.518 GC heap before
{Heap before GC invocations=306 (full 297):
 garbage-first heap   total 65536K, used 18311K [0x00000000c0000000, 0x0000000100000000)
  region size 1024K, 1 young (1024K), 0 survivors (0K)
 Metaspace       used 37061K, committed 37568K, reserved 1114112K
  class space    used 4796K, committed 4992K, reserved 1048576K
}
Event: 3067.539 GC heap after
{Heap after GC invocations=307 (full 298):
 garbage-first heap   total 65536K, used 18311K [0x00000000c0000000, 0x0000000100000000)
  region size 1024K, 0 young (0K), 0 survivors (0K)
 Metaspace       used 37061K, committed 37568K, reserved 1114112K
  class space    used 4796K, committed 4992K, reserved 1048576K
}
Event: 3077.659 GC heap before
{Heap before GC invocations=307 (full 298):
 garbage-first heap   total 65536K, used 18311K [0x00000000c0000000, 0x0000000100000000)
  region size 1024K, 1 young (1024K), 0 survivors (0K)
 Metaspace       used 37061K, committed 37568K, reserved 1114112K
  class space    used 4796K, committed 4992K, reserved 1048576K
}
Event: 3077.675 GC heap after
{Heap after GC invocations=308 (full 299):
 garbage-first heap   total 65536K, used 18311K [0x00000000c0000000, 0x0000000100000000)
  region size 1024K, 0 young (0K), 0 survivors (0K)
 Metaspace       used 37061K, committed 37568K, reserved 1114112K
  class space    used 4796K, committed 4992K, reserved 1048576K
}
Event: 3087.792 GC heap before
{Heap before GC invocations=308 (full 299):
 garbage-first heap   total 65536K, used 18311K [0x00000000c0000000, 0x0000000100000000)
  region size 1024K, 1 young (1024K), 0 survivors (0K)
 Metaspace       used 37061K, committed 37568K, reserved 1114112K
  class space    used 4796K, committed 4992K, reserved 1048576K
}
Event: 3087.808 GC heap after
{Heap after GC invocations=309 (full 300):
 garbage-first heap   total 65536K, used 18311K [0x00000000c0000000, 0x0000000100000000)
  region size 1024K, 0 young (0K), 0 survivors (0K)
 Metaspace       used 37061K, committed 37568K, reserved 1114112K
  class space    used 4796K, committed 4992K, reserved 1048576K
}
Event: 3097.931 GC heap before
{Heap before GC invocations=309 (full 300):
 garbage-first heap   total 65536K, used 18311K [0x00000000c0000000, 0x0000000100000000)
  region size 1024K, 1 young (1024K), 0 survivors (0K)
 Metaspace       used 37061K, committed 37568K, reserved 1114112K
  class space    used 4796K, committed 4992K, reserved 1048576K
}
Event: 3097.947 GC heap after
{Heap after GC invocations=310 (full 301):
 garbage-first heap   total 65536K, used 18311K [0x00000000c0000000, 0x0000000100000000)
  region size 1024K, 0 young (0K), 0 survivors (0K)
 Metaspace       used 37061K, committed 37568K, reserved 1114112K
  class space    used 4796K, committed 4992K, reserved 1048576K
}
Event: 3108.067 GC heap before
{Heap before GC invocations=310 (full 301):
 garbage-first heap   total 65536K, used 18311K [0x00000000c0000000, 0x0000000100000000)
  region size 1024K, 1 young (1024K), 0 survivors (0K)
 Metaspace       used 37061K, committed 37568K, reserved 1114112K
  class space    used 4796K, committed 4992K, reserved 1048576K
}
Event: 3108.087 GC heap after
{Heap after GC invocations=311 (full 302):
 garbage-first heap   total 65536K, used 18311K [0x00000000c0000000, 0x0000000100000000)
  region size 1024K, 0 young (0K), 0 survivors (0K)
 Metaspace       used 37061K, committed 37568K, reserved 1114112K
  class space    used 4796K, committed 4992K, reserved 1048576K
}
Event: 3118.207 GC heap before
{Heap before GC invocations=311 (full 302):
 garbage-first heap   total 65536K, used 18311K [0x00000000c0000000, 0x0000000100000000)
  region size 1024K, 1 young (1024K), 0 survivors (0K)
 Metaspace       used 37061K, committed 37568K, reserved 1114112K
  class space    used 4796K, committed 4992K, reserved 1048576K
}
Event: 3118.224 GC heap after
{Heap after GC invocations=312 (full 303):
 garbage-first heap   total 65536K, used 18311K [0x00000000c0000000, 0x0000000100000000)
  region size 1024K, 0 young (0K), 0 survivors (0K)
 Metaspace       used 37061K, committed 37568K, reserved 1114112K
  class space    used 4796K, committed 4992K, reserved 1048576K
}
Event: 3128.339 GC heap before
{Heap before GC invocations=312 (full 303):
 garbage-first heap   total 65536K, used 18311K [0x00000000c0000000, 0x0000000100000000)
  region size 1024K, 1 young (1024K), 0 survivors (0K)
 Metaspace       used 37061K, committed 37568K, reserved 1114112K
  class space    used 4796K, committed 4992K, reserved 1048576K
}
Event: 3128.356 GC heap after
{Heap after GC invocations=313 (full 304):
 garbage-first heap   total 65536K, used 18311K [0x00000000c0000000, 0x0000000100000000)
  region size 1024K, 0 young (0K), 0 survivors (0K)
 Metaspace       used 37061K, committed 37568K, reserved 1114112K
  class space    used 4796K, committed 4992K, reserved 1048576K
}
Event: 3138.482 GC heap before
{Heap before GC invocations=313 (full 304):
 garbage-first heap   total 65536K, used 18311K [0x00000000c0000000, 0x0000000100000000)
  region size 1024K, 1 young (1024K), 0 survivors (0K)
 Metaspace       used 37061K, committed 37568K, reserved 1114112K
  class space    used 4796K, committed 4992K, reserved 1048576K
}
Event: 3138.499 GC heap after
{Heap after GC invocations=314 (full 305):
 garbage-first heap   total 65536K, used 18311K [0x00000000c0000000, 0x0000000100000000)
  region size 1024K, 0 young (0K), 0 survivors (0K)
 Metaspace       used 37061K, committed 37568K, reserved 1114112K
  class space    used 4796K, committed 4992K, reserved 1048576K
}
Event: 3148.626 GC heap before
{Heap before GC invocations=314 (full 305):
 garbage-first heap   total 65536K, used 18311K [0x00000000c0000000, 0x0000000100000000)
  region size 1024K, 1 young (1024K), 0 survivors (0K)
 Metaspace       used 37061K, committed 37568K, reserved 1114112K
  class space    used 4796K, committed 4992K, reserved 1048576K
}
Event: 3148.643 GC heap after
{Heap after GC invocations=315 (full 306):
 garbage-first heap   total 65536K, used 18311K [0x00000000c0000000, 0x0000000100000000)
  region size 1024K, 0 young (0K), 0 survivors (0K)
 Metaspace       used 37061K, committed 37568K, reserved 1114112K
  class space    used 4796K, committed 4992K, reserved 1048576K
}

